\BOOKMARK [0][-]{chapter.1}{Entwicklerhandbuch}{}% 1
\BOOKMARK [1][-]{section.1.1}{Installation}{chapter.1}% 2
\BOOKMARK [1][-]{section.1.2}{Projektstruktur}{chapter.1}% 3
\BOOKMARK [2][-]{subsection.1.2.1}{Allgemeiner Aufbau}{section.1.2}% 4
\BOOKMARK [2][-]{subsection.1.2.2}{Frontend}{section.1.2}% 5
\BOOKMARK [2][-]{subsection.1.2.3}{Backend}{section.1.2}% 6
\BOOKMARK [1][-]{section.1.3}{Erweiterung}{chapter.1}% 7
\BOOKMARK [2][-]{subsection.1.3.1}{Widget hinzuf\374gen}{section.1.3}% 8
\BOOKMARK [2][-]{subsection.1.3.2}{Widget \344ndern}{section.1.3}% 9
\BOOKMARK [2][-]{subsection.1.3.3}{Widget entfernen}{section.1.3}% 10
\BOOKMARK [0][-]{chapter.2}{Nutzeranleitung}{}% 11
\BOOKMARK [1][-]{section.2.1}{Gesten}{chapter.2}% 12
\BOOKMARK [2][-]{subsection.2.1.1}{Einh\344ndige Gesten}{section.2.1}% 13
\BOOKMARK [2][-]{subsection.2.1.2}{Zweih\344ndige Gesten}{section.2.1}% 14
\BOOKMARK [1][-]{section.2.2}{Benutzung}{chapter.2}% 15
\BOOKMARK [2][-]{subsection.2.2.1}{Ein Nutzer}{section.2.2}% 16
\BOOKMARK [2][-]{subsection.2.2.2}{Mehrere Nutzer}{section.2.2}% 17
\BOOKMARK [2][-]{subsection.2.2.3}{Bedienung mit dem Smartphone}{section.2.2}% 18
\BOOKMARK [0][-]{chapter.3}{Projektbericht}{}% 19
\BOOKMARK [1][-]{section.3.1}{Frontend-Entwicklung}{chapter.3}% 20
\BOOKMARK [1][-]{section.3.2}{Backend-Entwicklung}{chapter.3}% 21
\BOOKMARK [1][-]{section.3.3}{Schlussfolgerungen}{chapter.3}% 22
